<?xml version="1.0" encoding="UTF-8"?>
<robot generator="Robot 4.0b1 (Python 3.10.7 on win32)" generated="20221208 18:23:53.149" rpa="false">
<suite id="s1" name="Testcases" source="C:\Users\Zbook\Desktop\Master_30\MDS_coreteam-robotframework-09ddc423ff02\MyDocSafe\Test_Suite\Testcases.robot">
<test id="s1-t1" name="TC_019_Verify the user is able to create Groups/Group with duplicate name">
<kw name="Run Keyword If" library="BuiltIn">
<doc>Runs the given keyword with the given arguments, if ``condition`` is true.</doc>
<arguments>
<arg>${Browser=='chrome'}</arg>
<arg>Launch browser</arg>
<arg>${Environment}</arg>
<arg>${Browser}</arg>
<arg>ELSE IF</arg>
<arg>${Browser=='headlesschrome'}</arg>
<arg>Launch browser Headless</arg>
<arg>${Environment}</arg>
</arguments>
<status status="PASS" starttime="20221208 18:23:54.064" endtime="20221208 18:23:54.064"></status>
</kw>
<kw name="Login with valid credentials" library="LoginPage">
<arguments>
<arg>${Email_address}</arg>
<arg>${Password}</arg>
</arguments>
<kw name="Enter Email" library="LoginPage">
<arguments>
<arg>${EMAIL_ADDRESS_Prod}</arg>
</arguments>
<kw name="Wait Until Element Is Enabled" library="SeleniumLibrary">
<doc>Waits until the element ``locator`` is enabled.</doc>
<arguments>
<arg>${EmailTextBox}</arg>
<arg>15s</arg>
</arguments>
<kw name="Capture Page Screenshot" library="SeleniumLibrary">
<doc>Takes a screenshot of the current page and embeds it into a log file.</doc>
<msg timestamp="20221208 18:23:54.064" level="INFO">Cannot capture screenshot because no browser is open.</msg>
<status status="PASS" starttime="20221208 18:23:54.064" endtime="20221208 18:23:54.064"></status>
</kw>
<msg timestamp="20221208 18:23:54.079" level="FAIL">No browser is open.</msg>
<status status="FAIL" starttime="20221208 18:23:54.064" endtime="20221208 18:23:54.080"></status>
</kw>
<status status="FAIL" starttime="20221208 18:23:54.064" endtime="20221208 18:23:54.080"></status>
</kw>
<status status="FAIL" starttime="20221208 18:23:54.064" endtime="20221208 18:23:54.080"></status>
</kw>
<kw name="Run Keyword If Test Passed" library="BuiltIn" type="teardown">
<doc>Runs the given keyword with the given arguments, if the test passed.</doc>
<arguments>
<arg>close browser</arg>
</arguments>
<status status="PASS" starttime="20221208 18:23:54.082" endtime="20221208 18:23:54.082"></status>
</kw>
<status status="FAIL" starttime="20221208 18:23:54.064" endtime="20221208 18:23:54.082">No browser is open.</status>
</test>
<status status="FAIL" starttime="20221208 18:23:53.149" endtime="20221208 18:23:54.082"></status>
</suite>
<statistics>
<total>
<stat pass="0" fail="1" skip="0">All Tests</stat>
</total>
<tag>
</tag>
<suite>
<stat pass="0" fail="1" skip="0" id="s1" name="Testcases">Testcases</stat>
</suite>
</statistics>
<errors>
<msg timestamp="20221208 18:23:53.969" level="ERROR">Error in file 'C:\Users\Zbook\Desktop\Master_30\MDS_coreteam-robotframework-09ddc423ff02\MyDocSafe\Resources\PO\SendDocForQuickApproval.robot' on line 6: Importing test library 'ImapLibrary' failed: ModuleNotFoundError: No module named 'ImapLibrary'
Traceback (most recent call last):
  None
PYTHONPATH:
  C:\Users\Zbook\AppData\Roaming\JetBrains\PyCharmCE2022.2\plugins\robotframework-intellij\lib\robotframework_debug_adapter
  C:\Users\Zbook\Desktop\Master_30\MDS_coreteam-robotframework-09ddc423ff02
  C:\Users\Zbook\AppData\Roaming\JetBrains\PyCharmCE2022.2\plugins\robotframework-intellij\lib
  C:\Users\Zbook\AppData\Roaming\JetBrains\PyCharmCE2022.2\plugins\robotframework-intellij\lib\robotframework_ls\vendored
  C:\Users\Zbook\AppData\Local\Programs\Python\Python310\python310.zip
  C:\Users\Zbook\AppData\Local\Programs\Python\Python310\DLLs
  C:\Users\Zbook\AppData\Local\Programs\Python\Python310\lib
  C:\Users\Zbook\AppData\Local\Programs\Python\Python310
  C:\Users\Zbook\AppData\Local\Programs\Python\Python310\lib\site-packages</msg>
</errors>
</robot>
